TN:
SF:script/DeployDSCEngine.s.sol
DA:13,9
FN:13,DeployDSCEngine.run
FNDA:9,DeployDSCEngine.run
DA:14,9
DA:16,9
DA:17,9
DA:19,9
DA:20,9
DA:22,9
DA:23,9
DA:24,9
DA:26,9
DA:27,9
DA:29,9
FNF:1
FNH:1
LF:12
LH:12
BRF:0
BRH:0
end_of_record
TN:
SF:script/HelperConfig.s.sol
DA:24,9
FN:24,HelperConfig.constructor
FNDA:9,HelperConfig.constructor
DA:25,9
BRDA:25,0,0,-
BRDA:25,0,1,9
DA:26,0
DA:28,9
DA:32,0
FN:32,HelperConfig.getSepoliaNetworkConfig
FNDA:0,HelperConfig.getSepoliaNetworkConfig
DA:33,0
DA:42,9
FN:42,HelperConfig.getAnvilNetworkConfig
FNDA:9,HelperConfig.getAnvilNetworkConfig
DA:43,9
BRDA:43,1,0,-
DA:44,0
DA:47,9
DA:48,9
DA:49,9
DA:51,9
DA:52,9
DA:54,9
DA:56,9
FNF:3
FNH:2
LF:16
LH:12
BRF:3
BRH:1
end_of_record
TN:
SF:src/DSCEngine.sol
DA:53,1
FN:53,DSCEngine.moreThanZero
FNDA:1,DSCEngine.moreThanZero
DA:54,1
BRDA:54,0,0,-
DA:55,0
DA:60,6
FN:60,DSCEngine.allowedCollateral
FNDA:6,DSCEngine.allowedCollateral
DA:61,6
BRDA:61,1,0,1
DA:62,1
DA:68,11
FN:68,DSCEngine.constructor
FNDA:11,DSCEngine.constructor
DA:69,11
BRDA:69,2,0,1
DA:70,1
DA:72,10
DA:73,19
DA:74,19
DA:76,10
DA:83,3
FN:83,DSCEngine.depositCollateral
FNDA:3,DSCEngine.depositCollateral
DA:89,5
DA:90,5
BRDA:90,3,0,-
DA:91,0
DA:93,5
DA:94,5
DA:97,0
FN:97,DSCEngine.mintDSC
FNDA:0,DSCEngine.mintDSC
DA:98,4
DA:99,4
DA:101,4
DA:102,4
BRDA:102,4,0,-
DA:103,0
DA:106,4
DA:115,4
FN:115,DSCEngine.depositCollateralAndMintDSC
FNDA:4,DSCEngine.depositCollateralAndMintDSC
DA:120,4
DA:121,4
DA:124,0
FN:124,DSCEngine.redeemCollateralForDSC
FNDA:0,DSCEngine.redeemCollateralForDSC
DA:129,1
DA:130,1
DA:133,0
FN:133,DSCEngine.burnDSC
FNDA:0,DSCEngine.burnDSC
DA:134,1
DA:135,1
DA:144,1
FN:144,DSCEngine.redeemCollateralForDSCAndBurnDSC
FNDA:1,DSCEngine.redeemCollateralForDSCAndBurnDSC
DA:149,1
DA:150,1
DA:159,1
FN:159,DSCEngine.liquidate
FNDA:1,DSCEngine.liquidate
DA:165,1
DA:166,1
BRDA:166,5,0,-
DA:167,0
DA:171,1
DA:172,1
BRDA:172,6,0,-
DA:173,0
DA:175,1
DA:176,1
DA:179,1
DA:180,1
DA:182,1
DA:183,1
BRDA:183,7,0,-
DA:184,0
DA:186,1
DA:188,1
DA:192,0
FN:192,DSCEngine.getHealthFactor
FNDA:0,DSCEngine.getHealthFactor
DA:193,0
DA:203,2
FN:203,DSCEngine._redeemCollateral
FNDA:2,DSCEngine._redeemCollateral
DA:206,2
DA:207,2
DA:208,2
BRDA:208,8,0,-
DA:209,0
DA:211,2
DA:220,2
FN:220,DSCEngine._burnDSC
FNDA:2,DSCEngine._burnDSC
DA:221,2
DA:222,2
DA:223,2
BRDA:223,9,0,-
DA:224,0
DA:226,2
DA:227,2
DA:230,13
FN:230,DSCEngine._getAccountInformation
FNDA:13,DSCEngine._getAccountInformation
DA:235,13
DA:236,13
DA:239,9
FN:239,DSCEngine._healthFactor
FNDA:9,DSCEngine._healthFactor
DA:240,9
DA:242,9
BRDA:242,10,0,2
DA:243,2
DA:246,7
BRDA:246,11,0,-
DA:247,0
DA:250,7
DA:251,7
DA:252,7
DA:255,7
FN:255,DSCEngine._healthFactorIsBroken
FNDA:7,DSCEngine._healthFactorIsBroken
DA:256,7
DA:257,7
BRDA:257,12,0,-
DA:258,0
DA:260,7
DA:263,2
FN:263,DSCEngine.getTokenAmountFromUSD
FNDA:2,DSCEngine.getTokenAmountFromUSD
DA:264,3
DA:265,3
DA:266,3
DA:269,0
FN:269,DSCEngine.getAccountCollateralValue
FNDA:0,DSCEngine.getAccountCollateralValue
DA:270,13
DA:271,20
DA:272,20
DA:273,20
DA:275,0
DA:278,1
FN:278,DSCEngine.getUSDValue
FNDA:1,DSCEngine.getUSDValue
DA:279,21
DA:280,21
DA:281,21
DA:284,4
FN:284,DSCEngine.getAccountInformation
FNDA:4,DSCEngine.getAccountInformation
DA:289,4
DA:290,0
FNF:20
FNH:15
LF:103
LH:85
BRF:13
BRH:3
end_of_record
TN:
SF:src/DecentralizedStablecoin.sol
DA:20,1
FN:20,DecentralizedStablecoin.burn
FNDA:1,DecentralizedStablecoin.burn
DA:21,1
DA:22,1
BRDA:22,0,0,-
DA:23,0
DA:25,1
BRDA:25,1,0,-
DA:26,0
DA:29,1
DA:32,2
FN:32,DecentralizedStablecoin.mint
FNDA:2,DecentralizedStablecoin.mint
DA:33,2
BRDA:33,2,0,-
DA:34,0
DA:36,2
BRDA:36,3,0,-
DA:37,0
DA:40,2
DA:41,2
FNF:2
FNH:2
LF:14
LH:10
BRF:4
BRH:0
end_of_record
TN:
SF:test/mocks/MockMoreDebtDSC.sol
DA:58,1
FN:58,MockMoreDebtDSC.constructor
FNDA:1,MockMoreDebtDSC.constructor
DA:59,1
DA:62,1
FN:62,MockMoreDebtDSC.burn
FNDA:1,MockMoreDebtDSC.burn
DA:63,1
DA:64,1
BRDA:64,0,0,-
DA:65,0
DA:67,1
BRDA:67,1,0,-
DA:68,0
DA:70,1
DA:73,2
FN:73,MockMoreDebtDSC.mint
FNDA:2,MockMoreDebtDSC.mint
DA:74,2
BRDA:74,2,0,-
DA:75,0
DA:77,2
BRDA:77,3,0,-
DA:78,0
DA:80,2
DA:81,2
FNF:3
FNH:3
LF:16
LH:12
BRF:4
BRH:0
end_of_record
TN:
SF:test/mocks/MockV3Aggregator.sol
DA:24,18
FN:24,MockV3Aggregator.constructor
FNDA:18,MockV3Aggregator.constructor
DA:25,18
DA:26,18
DA:29,19
FN:29,MockV3Aggregator.updateAnswer
FNDA:19,MockV3Aggregator.updateAnswer
DA:30,19
DA:31,19
DA:32,19
DA:33,19
DA:34,19
DA:35,19
DA:38,0
FN:38,MockV3Aggregator.updateRoundData
FNDA:0,MockV3Aggregator.updateRoundData
DA:39,0
DA:40,0
DA:41,0
DA:42,0
DA:43,0
DA:44,0
DA:47,0
FN:47,MockV3Aggregator.getRoundData
FNDA:0,MockV3Aggregator.getRoundData
DA:52,0
DA:55,24
FN:55,MockV3Aggregator.latestRoundData
FNDA:24,MockV3Aggregator.latestRoundData
DA:60,24
DA:69,0
FN:69,MockV3Aggregator.description
FNDA:0,MockV3Aggregator.description
DA:70,0
FNF:6
FNH:3
LF:23
LH:12
BRF:0
BRH:0
end_of_record
